[2024-05-14 16:57:11.087] [APP] [info] ::: LOG SESSION STARTED :::
[16:57:11.089776] [Animation] [info] (th=16304) Log level for 'Animation' set to 'info'
[16:57:11.089779] [APP] [warning] (th=16304) Change animation log level to off
[16:57:13.181786] [BaseScriptSystem] [info] (th=16304) Log level for 'BaseScriptSystem' set to 'info'
[16:57:13.213193] [MQYouTubeController] [info] (th=16304) Log level for 'MQYouTubeController' set to 'info'
[16:57:13.213199] [MQYouTubeController] [info] (th=16304) Reading: https://www.googleapis.com/youtube/v3/videos?key=AIzaSyDrOFf-an_40ppVVjlUf8Ju3ip04l-Igxg&id=HbCulUKQmF8,_FCzcZeprSU,aHSN3RAOMUI,GoY8xPE7M5c,0ukba7M7iPU,hVgwZGLjHiQ,63JlBbj_kMA,dYfVDaqJj5w,Med3hBF9gkg,0uHZMeB0jjM,RJ1b2QMskZk,ukEZ0EjBDx0,Q35px-k-tmw,xejDo2bo-5k,yrvK_BpuPvs,tMnd_0RRJPw,NcnC2gr4sDc,puKNdTxe_8c,9c10wCOPsGg,-6G3UWu8PXw,xPwYa2iIpYU,BhKpCSaazEc,vLPcyvnjoEg,woIdePkOu1Y,TPjS75KvXcU,rBHlnDSCeVI,-oWL93HCtes,0R90fipbzoE,HRKOfke4P04,0SfB9fgBVe8,zTWpgkr3eWI,4lWzf7_eKYI,Oqr7w57Sq98,XxSivGpf2ZQ,ByTHn7f-Mek,I65rr2ZQZxQ,we5AASSrJjQ,6-uJ8Uw5Sqg,8hAIhzrpg2c,jdZCrrI_awQ,dHo29wKSVFs,RUFYw4IpLOk,QzQQrKaVKj8,18JSWeJCMcQ,2OhiCjiCTTw,VcuUqAI7weM,TjAdOsKR8eo,z_zJHG3xQ4c,caw5uhfEvA0,N3D3KtzdZGY&part=snippet,contentDetails
[16:57:14.599592] [MQObjectInspectorController] [info] (th=16304) Log level for 'MQObjectInspectorController' set to 'info'
[16:57:14.863496] [FormulaController] [info] (th=16304) Log level for 'FormulaController' set to 'info'
[16:57:15.824224] [SoundSystemOpenAL] [info] (th=15492) Log level for 'SoundSystemOpenAL' set to 'info'
[16:57:15.846764] [BasePhysicsSystem] [info] (th=15492) Log level for 'BasePhysicsSystem' set to 'info'
[16:57:18.405323] [APP] [info] (th=15492) GameCore initialization time: 2
[16:57:18.434180] [BaseSymbolTable] [info] (th=15492) Log level for 'BaseSymbolTable' set to 'info'
[16:57:18.434187] [BaseSymbolTable] [error] (th=15492) variable already exists 'object__F49C84F9_43F1_47E2_8771_A7670840F387__index'
[16:57:18.434792] [BaseSymbolTable] [error] (th=15492) variable already exists 'object__D1A37DAE_A186_4695_AD75_36090DBFD637__index'
[16:57:18.435223] [BaseSymbolTable] [error] (th=15492) variable already exists 'object__A7DA6783_5E97_4561_BD3A_78747CCEB6AB__index'
[16:57:18.436119] [BaseSymbolTable] [error] (th=15492) variable already exists 'object__3F3F42EE_27AC_464C_BF14_700FEAB199CA__direction'
[16:57:18.436305] [BaseSymbolTable] [error] (th=15492) variable already exists 'object__765079E5_FD1A_4A88_9084_EAC30BA74DDB__direction'
[16:57:18.436479] [BaseSymbolTable] [error] (th=15492) variable already exists 'object__9B2160AE_A37B_4C87_89BA_3CF0AD9220A3__direction'
[16:57:18.436639] [BaseSymbolTable] [error] (th=15492) variable already exists 'object__F3DCCB5A_4AC8_4AFD_AEC3_8253BE5C286B__direction'
[16:57:18.450196] [BaseSymbolTable] [error] (th=15492) variable already exists 'object__24D8050F_C2F9_48B7_8887_0E93458487A8__direction'
[16:57:18.450531] [BaseSymbolTable] [error] (th=15492) variable already exists 'object__749EF9E0_A050_4C02_83F7_60D11E8774AE__direction'
[16:57:18.450823] [BaseSymbolTable] [error] (th=15492) variable already exists 'object__F72E964D_4FE5_4DEA_AB09_1407620B631F__direction'
[16:57:18.459173] [BaseSymbolTable] [error] (th=15492) variable already exists 'object__10450351_E3A1_49A1_9423_6BA8D48FB65C__direction'
[16:57:18.459446] [BaseSymbolTable] [error] (th=15492) variable already exists 'object__4F20A541_4025_45C1_BA57_9A5764FDA6F2__direction'
[16:57:18.459768] [BaseSymbolTable] [error] (th=15492) variable already exists 'object__C0DA5A26_8272_46F6_A4D1_4AEA2810C6A2__direction'
[16:57:18.460057] [BaseSymbolTable] [error] (th=15492) variable already exists 'object__2C4CED22_9338_421B_92B0_13885F56717E__direction'
[16:57:19.053648] [Scene] [info] (th=15492) Log level for 'Scene' set to 'info'
[16:57:22.585453] [DX11View] [info] (th=15492) Log level for 'DX11View' set to 'info'
[16:57:22.627949] [MQYouTubeController] [info] (th=16304) Reading: https://www.googleapis.com/youtube/v3/videos?key=AIzaSyDrOFf-an_40ppVVjlUf8Ju3ip04l-Igxg&id=LQ3zYpJeJ8Y,P_sIs8OF7rk,MUFmiWgkyks,rw59kp8TLNs,zJWjgDIP4t8,PQ7gZojkeoA,6bm2EqdMaGc,gbLTGtJ__Mk,A6LUtTSDrWA,TQ4shkLSRSA,Xro0bDlo3tg,YcOnS8osJR4,_sXN0PpNHR0,aEODCFbpTpI,c7bT0diAbOk,ed7EU2IrkJc,uPbFOmHnD90,8SSteRB4MAY,ktmMl9nj418,7R8ykQVu-lE,xwAGhPH_jDA,ie9d3KknFyY,nO97AiookY8,LR8TtN7_xIQ,28tr4wmKQ7k,1NU3UML7P_o,Cxh8siJxSgo,IFNGJug5agA&part=snippet,contentDetails
[16:57:23.386039] [MQYouTubeController] [info] (th=16304) Videos received
[16:57:30.898272] [MQEditorController] [info] (th=16304) Log level for 'MQEditorController' set to 'info'
[16:57:30.905491] [ModeController] [info] (th=15492) Log level for 'ModeController' set to 'info'
[16:57:46.296311] [NetworkScript] [info] (th=15492) Log level for 'NetworkScript' set to 'info'
[16:57:46.296327] [NetworkScript] [info] (th=15492) gameTime: 13360 gettimeofday ms: 1715695066295 m_gameTimeOffset: 1715695052935
[16:57:47.452818] [PhotonClient] [info] (th=15492) Log level for 'PhotonClient' set to 'info'
[16:57:47.452834] [PhotonClient] [info] (th=15492) m_serverTimeOffset set to: 1712713130997 serverTime: 2981936455 currentTimeMS:1715695067452
[16:57:47.452835] [PhotonClient] [info] (th=15492)  Final m_serverTimeOffset: 1712713130997 ServerTime -1313030840
[16:57:47.452836] [PhotonClient] [info] (th=15492) PING: 85 variance: 35
[16:57:47.969662] [NetworkScript] [info] (th=15492) ping: 83 delay: 283 sendMin: 83 sendMotorMax: 365

[16:57:47.972020] [PhotonClient] [info] (th=15492) serverTimeOffset on PLAYING set to: 1712713130997
[16:59:12.625004] [Analytics] [info] (th=3288) Log level for 'Analytics' set to 'info'
[16:59:18.945367] [APP] [info] (th=16304) ::: LOG SESSION ENDED :::
