[13:03:56.658834] [Clipboard] [info] (th=9912) Log level for 'Clipboard' set to 'info'
[13:07:08.672130] [NetworkScript] [info] (th=6192) gameTime: 426572 gettimeofday ms: 1719482828671 m_gameTimeOffset: 1719482402099
[13:07:09.525573] [PhotonClient] [info] (th=6192) m_serverTimeOffset set to: 1717008122661 serverTime: 2474706863 currentTimeMS:1719482829524
[13:07:09.525584] [PhotonClient] [info] (th=6192)  Final m_serverTimeOffset: 1717008122661 ServerTime -1820260432
[13:07:09.525585] [PhotonClient] [info] (th=6192) PING: 55 variance: 39
[13:07:09.849209] [NetworkScript] [info] (th=6192) ping: 51 delay: 206 sendMin: 60 sendMotorMax: 300

[13:07:09.854055] [PhotonClient] [info] (th=6192) serverTimeOffset on PLAYING set to: 1717008122661
[13:12:23.475895] [MQTransformController] [info] (th=6192) Log level for 'MQTransformController' set to 'info'
[13:12:23.500629] [MQRigidbodyController] [info] (th=6192) Log level for 'MQRigidbodyController' set to 'info'
[13:12:23.500692] [MQNetworkCompController] [info] (th=6192) Log level for 'MQNetworkCompController' set to 'info'
[13:12:23.516428] [AudioSourcePanelViewModel] [info] (th=6192) Log level for 'AudioSourcePanelViewModel' set to 'info'
[13:12:23.516435] [AudioSourcePanelViewModel] [error] (th=6192) Cannot load view/model
[13:13:55.928703] [NetworkScript] [info] (th=6192) gameTime: 833006 gettimeofday ms: 1719483235928 m_gameTimeOffset: 1719482402922
[13:13:56.982839] [PhotonClient] [info] (th=6192) m_serverTimeOffset set to: 1717008122668 serverTime: 2475114313 currentTimeMS:1719483236981
[13:13:56.982846] [PhotonClient] [info] (th=6192)  Final m_serverTimeOffset: 1717008122668 ServerTime -1819852982
[13:13:56.982847] [PhotonClient] [info] (th=6192) PING: 58 variance: 40
[13:13:57.439067] [NetworkScript] [info] (th=6192) ping: 57 delay: 220 sendMin: 60 sendMotorMax: 300

[13:13:57.442995] [PhotonClient] [info] (th=6192) serverTimeOffset on PLAYING set to: 1717008122668
[13:14:38.286384] [AudioSourcePanelViewModel] [error] (th=6192) Cannot load view/model
[13:14:39.280325] [AudioSourcePanelViewModel] [error] (th=6192) Cannot load view/model
[13:15:50.638965] [AudioSourcePanelViewModel] [error] (th=6192) Cannot load view/model
[13:15:51.803440] [NetworkScript] [info] (th=6192) gameTime: 946655 gettimeofday ms: 1719483351803 m_gameTimeOffset: 1719482405148
[13:15:52.819029] [PhotonClient] [info] (th=6192) m_serverTimeOffset set to: 1717008122665 serverTime: 2475230153 currentTimeMS:1719483352818
[13:15:52.819037] [PhotonClient] [info] (th=6192)  Final m_serverTimeOffset: 1717008122665 ServerTime -1819737142
[13:15:52.819038] [PhotonClient] [info] (th=6192) PING: 54 variance: 43
[13:15:53.199642] [NetworkScript] [info] (th=6192) ping: 56 delay: 218 sendMin: 60 sendMotorMax: 300

[13:15:53.203788] [PhotonClient] [info] (th=6192) serverTimeOffset on PLAYING set to: 1717008122665
[13:17:00.807660] [GizmoPanelViewModel] [info] (th=6192) Log level for 'GizmoPanelViewModel' set to 'info'
[13:17:57.728360] [NetworkScript] [info] (th=6192) gameTime: 1648 gettimeofday ms: 1719483477728 m_gameTimeOffset: 1719483476080
[13:17:58.617585] [PhotonClient] [info] (th=6192) m_serverTimeOffset set to: 1717008122668 serverTime: 2475355948 currentTimeMS:1719483478616
[13:17:58.617592] [PhotonClient] [info] (th=6192)  Final m_serverTimeOffset: 1717008122668 ServerTime -1819611347
[13:17:58.617593] [PhotonClient] [info] (th=6192) PING: 48 variance: 39
[13:17:58.908616] [NetworkScript] [info] (th=6192) ping: 53 delay: 211 sendMin: 60 sendMotorMax: 300

[13:17:58.912115] [PhotonClient] [info] (th=6192) serverTimeOffset on PLAYING set to: 1717008122668
[13:21:37.350441] [NetworkScript] [info] (th=6192) gameTime: 220458 gettimeofday ms: 1719483697349 m_gameTimeOffset: 1719483476891
[13:21:38.205227] [PhotonClient] [info] (th=6192) m_serverTimeOffset set to: 1717008122672 serverTime: 2475575533 currentTimeMS:1719483698205
[13:21:38.205235] [PhotonClient] [info] (th=6192)  Final m_serverTimeOffset: 1717008122672 ServerTime -1819391762
[13:21:38.205237] [PhotonClient] [info] (th=6192) PING: 53 variance: 44
[13:21:38.528215] [NetworkScript] [info] (th=6192) ping: 52 delay: 208 sendMin: 60 sendMotorMax: 300

[13:21:38.532694] [PhotonClient] [info] (th=6192) serverTimeOffset on PLAYING set to: 1717008122672
[13:23:26.109375] [NetworkScript] [info] (th=6192) gameTime: 328390 gettimeofday ms: 1719483806109 m_gameTimeOffset: 1719483477719
[13:23:26.914279] [PhotonClient] [info] (th=6192) m_serverTimeOffset set to: 1717008122659 serverTime: 2475684254 currentTimeMS:1719483806913
[13:23:26.914287] [PhotonClient] [info] (th=6192)  Final m_serverTimeOffset: 1717008122659 ServerTime -1819283041
[13:23:26.914288] [PhotonClient] [info] (th=6192) PING: 56 variance: 42
[13:23:27.251788] [NetworkScript] [info] (th=6192) ping: 54 delay: 213 sendMin: 60 sendMotorMax: 300

[13:23:27.254947] [PhotonClient] [info] (th=6192) serverTimeOffset on PLAYING set to: 1717008122659
[13:24:04.016295] [APP] [info] (th=9912) ::: LOG SESSION ENDED :::
