[2024-07-03 21:21:26.612] [APP] [info] ::: LOG SESSION STARTED :::
[21:21:26.615561] [Animation] [info] (th=15236) Log level for 'Animation' set to 'info'
[21:21:26.615565] [APP] [warning] (th=15236) Change animation log level to off
[21:21:27.193311] [Analytics] [info] (th=14536) Log level for 'Analytics' set to 'info'
[21:21:29.699833] [BaseScriptSystem] [info] (th=15236) Log level for 'BaseScriptSystem' set to 'info'
[21:21:31.375706] [MQObjectInspectorController] [info] (th=15236) Log level for 'MQObjectInspectorController' set to 'info'
[21:21:31.813565] [FormulaController] [info] (th=15236) Log level for 'FormulaController' set to 'info'
[21:21:32.884276] [SoundSystemOpenAL] [info] (th=16992) Log level for 'SoundSystemOpenAL' set to 'info'
[21:21:32.904909] [BasePhysicsSystem] [info] (th=16992) Log level for 'BasePhysicsSystem' set to 'info'
[21:21:36.496903] [APP] [info] (th=16992) GameCore initialization time: 3
[21:21:36.528368] [BaseSymbolTable] [info] (th=16992) Log level for 'BaseSymbolTable' set to 'info'
[21:21:36.528376] [BaseSymbolTable] [error] (th=16992) variable already exists 'object__749EF9E0_A050_4C02_83F7_60D11E8774AE__direction'
[21:21:36.529526] [BaseSymbolTable] [error] (th=16992) variable already exists 'object__24D8050F_C2F9_48B7_8887_0E93458487A8__direction'
[21:21:36.530762] [BaseSymbolTable] [error] (th=16992) variable already exists 'object__46673A3E_8AC5_4F1F_BB0F_7EF3F717C4B6__beltObj'
[21:21:36.531715] [BaseSymbolTable] [error] (th=16992) variable already exists 'object__D7C76903_5D45_4F1E_9F6E_E6BE14710A61__beltObj'
[21:21:36.532583] [BaseSymbolTable] [error] (th=16992) variable already exists 'object__546373BF_4D82_493D_A778_91C961367E5E__beltObj'
[21:21:36.533406] [BaseSymbolTable] [error] (th=16992) variable already exists 'object__AEC896B7_A0EE_4093_993A_070C55A3B4D7__beltObj'
[21:21:36.534424] [BaseSymbolTable] [error] (th=16992) variable already exists 'object__2EF891DE_EC2F_4442_9BEC_A0B26449D4A7__beltObj'
[21:21:36.535646] [BaseSymbolTable] [error] (th=16992) variable already exists 'object__47EEE1FF_A215_4783_B2B7_63502F246865__beltObj'
[21:21:36.536848] [BaseSymbolTable] [error] (th=16992) variable already exists 'object__75A831F8_836E_4D94_BA8B_922720EC367E__beltObj'
[21:21:36.537737] [BaseSymbolTable] [error] (th=16992) variable already exists 'object__5255495A_F511_4BF5_9FC2_D81A2CD7C740__beltObj'
[21:21:36.538590] [BaseSymbolTable] [error] (th=16992) variable already exists 'object__8E09EE94_AFE1_42B4_B8E3_9692E63642F5__beltObj'
[21:21:36.539421] [BaseSymbolTable] [error] (th=16992) variable already exists 'object__FDDC2C1F_8B9C_4EE2_B065_D4DE1EB28D8E__beltObj'
[21:21:36.540276] [BaseSymbolTable] [error] (th=16992) variable already exists 'object__2A8C67B3_2BB1_4EA4_8406_2715F3573F0C__beltObj'
[21:21:36.541385] [BaseSymbolTable] [error] (th=16992) variable already exists 'object__20BE8A0A_1DD9_4F6B_98FA_8EA2FF6978AA__beltObj'
[21:21:36.542472] [BaseSymbolTable] [error] (th=16992) variable already exists 'object__8FE967CA_AC66_4AA5_8623_69C51ADD9EB0__beltObj'
[21:21:36.543719] [BaseSymbolTable] [error] (th=16992) variable already exists 'object__5DF234A2_34A8_4A52_9CFE_D5D56A5A1D9C__beltObj'
[21:21:36.544592] [BaseSymbolTable] [error] (th=16992) variable already exists 'object__2E6AB703_2660_4B98_9560_4D4DBEF40E1D__beltObj'
[21:21:36.545465] [BaseSymbolTable] [error] (th=16992) variable already exists 'object__B8AC09D7_9B86_444B_9E71_DE45D2853F71__beltObj'
[21:21:36.546318] [BaseSymbolTable] [error] (th=16992) variable already exists 'object__544FA778_DB11_4765_8538_2CC717FB1129__beltObj'
[21:21:36.547168] [BaseSymbolTable] [error] (th=16992) variable already exists 'object__A8B9D5FF_733C_4A61_9B90_5FC5D0D251B5__beltObj'
[21:21:36.548427] [BaseSymbolTable] [error] (th=16992) variable already exists 'object__08ABFBE2_9009_43FF_AA7F_2F7E06D63A71__beltObj'
[21:21:36.549687] [BaseSymbolTable] [error] (th=16992) variable already exists 'object__4C64DD70_296A_44C0_980A_71050C14456C__beltObj'
[21:21:36.550595] [BaseSymbolTable] [error] (th=16992) variable already exists 'object__F13901DD_EA8F_41E8_9971_6527D1C93318__beltObj'
[21:21:36.551482] [BaseSymbolTable] [error] (th=16992) variable already exists 'object__A7BEA4DE_E702_45F9_88F4_B44B4D84DF47__beltObj'
[21:21:36.552367] [BaseSymbolTable] [error] (th=16992) variable already exists 'object__20803ED9_F279_473F_BFD8_D19A1F80F0BA__beltObj'
[21:21:36.553293] [BaseSymbolTable] [error] (th=16992) variable already exists 'object__D3E0FE10_F008_4D44_AC16_624322785129__beltObj'
[21:21:36.554336] [BaseSymbolTable] [error] (th=16992) variable already exists 'object__9EB2DAFC_2FCB_40A4_9A7B_F6C5960A2100__beltObj'
[21:21:36.555642] [BaseSymbolTable] [error] (th=16992) variable already exists 'object__BF08D163_E918_4D2F_895F_3FE91750B8C2__beltObj'
[21:21:36.557167] [BaseSymbolTable] [error] (th=16992) variable already exists 'object__3A2EF143_17A4_44D4_B91D_5E69D7AA0F75__beltObj'
[21:21:36.558601] [BaseSymbolTable] [error] (th=16992) variable already exists 'object__17AD6849_0888_4175_896F_573D972C6274__beltObj'
[21:21:36.560031] [BaseSymbolTable] [error] (th=16992) variable already exists 'object__3A56EFB0_4C39_4EBB_A1A2_06488936DB27__beltObj'
[21:21:36.561484] [BaseSymbolTable] [error] (th=16992) variable already exists 'object__CEC41C62_3DEE_4A03_81F4_8651987D5CEB__beltObj'
[21:21:36.562910] [BaseSymbolTable] [error] (th=16992) variable already exists 'object__06E8EF2B_8958_498B_AD24_2002C7272644__beltObj'
[21:21:36.564339] [BaseSymbolTable] [error] (th=16992) variable already exists 'object__713ED70B_19C9_4AD6_9D9E_875A0808744F__beltObj'
[21:21:36.565781] [BaseSymbolTable] [error] (th=16992) variable already exists 'object__0DEF79FD_DB7A_4E1F_AE63_2B51C694FC38__beltObj'
[21:21:36.567223] [BaseSymbolTable] [error] (th=16992) variable already exists 'object__7E6649F7_4D3E_41F1_849E_CDBDF433EB61__beltObj'
[21:21:36.568669] [BaseSymbolTable] [error] (th=16992) variable already exists 'object__B0BE46D4_8EB6_445E_9979_02C3563C5CC6__beltObj'
[21:21:36.570132] [BaseSymbolTable] [error] (th=16992) variable already exists 'object__09308E59_D0E2_40D1_93C4_81C31DAD6D6A__beltObj'
[21:21:36.571618] [BaseSymbolTable] [error] (th=16992) variable already exists 'object__33A1A33F_5E3B_4717_9548_C6A03DEAFDF9__beltObj'
[21:21:36.573116] [BaseSymbolTable] [error] (th=16992) variable already exists 'object__E2BC62DE_A460_4CA4_B2BD_443FDCEC9E81__beltObj'
[21:21:36.574258] [BaseSymbolTable] [error] (th=16992) variable already exists 'object__8C6D9A94_59E1_4C8C_9DB5_95E674FBF8DB__beltObj'
[21:21:36.576620] [BaseSymbolTable] [error] (th=16992) variable already exists 'object__3F3F42EE_27AC_464C_BF14_700FEAB199CA__direction'
[21:21:36.577015] [BaseSymbolTable] [error] (th=16992) variable already exists 'object__765079E5_FD1A_4A88_9084_EAC30BA74DDB__direction'
[21:21:36.577294] [BaseSymbolTable] [error] (th=16992) variable already exists 'object__9B2160AE_A37B_4C87_89BA_3CF0AD9220A3__direction'
[21:21:36.577665] [BaseSymbolTable] [error] (th=16992) variable already exists 'object__F3DCCB5A_4AC8_4AFD_AEC3_8253BE5C286B__direction'
[21:21:36.578222] [BaseSymbolTable] [error] (th=16992) variable already exists 'object__10450351_E3A1_49A1_9423_6BA8D48FB65C__direction'
[21:21:36.578710] [BaseSymbolTable] [error] (th=16992) variable already exists 'object__4F20A541_4025_45C1_BA57_9A5764FDA6F2__direction'
[21:21:36.579337] [BaseSymbolTable] [error] (th=16992) variable already exists 'object__C0DA5A26_8272_46F6_A4D1_4AEA2810C6A2__direction'
[21:21:37.844766] [Scene] [info] (th=16992) Log level for 'Scene' set to 'info'
[21:21:44.409889] [DX11View] [info] (th=16992) Log level for 'DX11View' set to 'info'
[21:21:51.695245] [MQEditorController] [info] (th=15236) Log level for 'MQEditorController' set to 'info'
[21:21:51.705258] [ModeController] [info] (th=16992) Log level for 'ModeController' set to 'info'
[21:22:27.609850] [NetworkScript] [info] (th=16992) Log level for 'NetworkScript' set to 'info'
[21:22:27.609863] [NetworkScript] [info] (th=16992) gameTime: 29370 gettimeofday ms: 1720030947609 m_gameTimeOffset: 1720030918239
[21:22:28.520103] [PhotonClient] [info] (th=16992) Log level for 'PhotonClient' set to 'info'
[21:22:28.520119] [PhotonClient] [info] (th=16992) m_serverTimeOffset set to: 1717008124912 serverTime: 3022823607 currentTimeMS:1720030948519
[21:22:28.520121] [PhotonClient] [info] (th=16992)  Final m_serverTimeOffset: 1717008124912 ServerTime -1272143688
[21:22:28.520121] [PhotonClient] [info] (th=16992) PING: 50 variance: 36
[21:22:28.832871] [NetworkScript] [info] (th=16992) ping: 49 delay: 201 sendMin: 60 sendMotorMax: 300

[21:22:28.836379] [PhotonClient] [info] (th=16992) serverTimeOffset on PLAYING set to: 1717008124912
[21:23:00.021938] [Clipboard] [info] (th=15236) Log level for 'Clipboard' set to 'info'
[21:27:00.304346] [NetworkScript] [info] (th=16992) gameTime: 301381 gettimeofday ms: 1720031220304 m_gameTimeOffset: 1720030918923
[21:27:01.111558] [PhotonClient] [info] (th=16992) m_serverTimeOffset set to: 1717008124913 serverTime: 3023096198 currentTimeMS:1720031221111
[21:27:01.111567] [PhotonClient] [info] (th=16992)  Final m_serverTimeOffset: 1717008124913 ServerTime -1271871097
[21:27:01.111568] [PhotonClient] [info] (th=16992) PING: 50 variance: 43
[21:27:01.421599] [NetworkScript] [info] (th=16992) ping: 54 delay: 213 sendMin: 60 sendMotorMax: 300

[21:27:01.424636] [PhotonClient] [info] (th=16992) serverTimeOffset on PLAYING set to: 1717008124913
[21:33:03.798479] [APP] [info] (th=15236) ::: LOG SESSION ENDED :::
